Buildfile generation error occurred..
This project was created using a version of compiler that is not currently installed - 18.1.2.LTS [ARM]:
- See 'Help > Install New Software' and select 'Code Generation Tools Updates' to check if this compiler is available through a CCS update.
- Visit CCS App Center to get the latest compiler support.
- Or download and install the compiler [http://software-dl.ti.com/codegen/non-esd/downloads], then register it with CCS through 'Preferences > CCS > Build > Compilers'.
Build stopped..
Buildfile generation error occurred..
This project was created using a version of compiler that is not currently installed - 18.1.2.LTS [ARM]:
- See 'Help > Install New Software' and select 'Code Generation Tools Updates' to check if this compiler is available through a CCS update.
- Visit CCS App Center to get the latest compiler support.
- Or download and install the compiler [http://software-dl.ti.com/codegen/non-esd/downloads], then register it with CCS through 'Preferences > CCS > Build > Compilers'.
Build stopped..
Buildfile generation error occurred..
This project was created using a version of compiler that is not currently installed - 18.1.2.LTS [ARM]:
- See 'Help > Install New Software' and select 'Code Generation Tools Updates' to check if this compiler is available through a CCS update.
- Visit CCS App Center to get the latest compiler support.
- Or download and install the compiler [http://software-dl.ti.com/codegen/non-esd/downloads], then register it with CCS through 'Preferences > CCS > Build > Compilers'.
Build stopped..
Buildfile generation error occurred..
This project was created using a version of compiler that is not currently installed - 18.1.2.LTS [ARM]:
- See 'Help > Install New Software' and select 'Code Generation Tools Updates' to check if this compiler is available through a CCS update.
- Visit CCS App Center to get the latest compiler support.
- Or download and install the compiler [http://software-dl.ti.com/codegen/non-esd/downloads], then register it with CCS through 'Preferences > CCS > Build > Compilers'.
Build stopped..

**** Clean-only build of configuration Debug for project Application ****

"C:\\ti\\ccsv7\\utils\\bin\\gmake" -k -j 8 clean -O 
DEL /F  "Application.hex"  "Application.out" 
DEL /F "Application.obj" "tm4c1294ncpdt_startup_ccs.obj" 
DEL /F "Application.d" "tm4c1294ncpdt_startup_ccs.d" 
Could Not Find C:\Users\Stephen\Desktop\TestProject\CodeComposer\Application\Debug\Application.hex
Could Not Find C:\Users\Stephen\Desktop\TestProject\CodeComposer\Application\Debug\Application.obj
Could Not Find C:\Users\Stephen\Desktop\TestProject\CodeComposer\Application\Debug\Application.d
'Finished clean'
' '

**** Build Finished ****

**** Clean-only build of configuration Debug for project Application ****

"C:\\ti\\ccsv7\\utils\\bin\\gmake" -k -j 8 clean -O 
DEL /F  "Application.hex"  "Application.out" 
DEL /F "Application.obj" "tm4c1294ncpdt_startup_ccs.obj" 
DEL /F "Application.d" "tm4c1294ncpdt_startup_ccs.d" 
Could Not Find C:\Users\Stephen\Desktop\TestProject\CodeComposer\Application\Debug\Application.hex
Could Not Find C:\Users\Stephen\Desktop\TestProject\CodeComposer\Application\Debug\Application.obj
Could Not Find C:\Users\Stephen\Desktop\TestProject\CodeComposer\Application\Debug\Application.d
'Finished clean'
' '

**** Build Finished ****

**** Clean-only build of configuration Debug for project CommonLib ****

"C:\\ti\\ccsv7\\utils\\bin\\gmake" -k -j 8 clean -O 
DEL /F  "CommonLib.lib" 
DEL /F "Config.obj" 
DEL /F "Config.d" 
Could Not Find C:\Users\Stephen\Desktop\TestProject\CodeComposer\CommonLib\Debug\CommonLib.lib
Could Not Find C:\Users\Stephen\Desktop\TestProject\CodeComposer\CommonLib\Debug\Config.obj
Could Not Find C:\Users\Stephen\Desktop\TestProject\CodeComposer\CommonLib\Debug\Config.d
'Finished clean'
' '

**** Build Finished ****

**** Clean-only build of configuration Debug for project CommonLib ****

"C:\\ti\\ccsv7\\utils\\bin\\gmake" -k -j 8 clean -O 
DEL /F  "CommonLib.lib" 
DEL /F "Config.obj" 
DEL /F "Config.d" 
Could Not Find C:\Users\Stephen\Desktop\TestProject\CodeComposer\CommonLib\Debug\CommonLib.lib
Could Not Find C:\Users\Stephen\Desktop\TestProject\CodeComposer\CommonLib\Debug\Config.obj
Could Not Find C:\Users\Stephen\Desktop\TestProject\CodeComposer\CommonLib\Debug\Config.d
'Finished clean'
' '

**** Build Finished ****

**** Clean-only build of configuration Debug for project TestFramework ****

"C:\\ti\\ccsv7\\utils\\bin\\gmake" -k -j 8 clean -O 
DEL /F  "TestFramework.hex"  "TestFramework.out" 
DEL /F "TestFramework.obj" "Tests.obj" "tm4c1294ncpdt_startup_ccs.obj" 
DEL /F "TestFramework.d" "Tests.d" "tm4c1294ncpdt_startup_ccs.d" 
Could Not Find C:\Users\Stephen\Desktop\TestProject\CodeComposer\TestFramework\Debug\TestFramework.hex
Could Not Find C:\Users\Stephen\Desktop\TestProject\CodeComposer\TestFramework\Debug\TestFramework.obj
Could Not Find C:\Users\Stephen\Desktop\TestProject\CodeComposer\TestFramework\Debug\TestFramework.d
'Finished clean'
' '

**** Build Finished ****

**** Clean-only build of configuration Debug for project TestFramework ****

"C:\\ti\\ccsv7\\utils\\bin\\gmake" -k -j 8 clean -O 
DEL /F  "TestFramework.hex"  "TestFramework.out" 
DEL /F "TestFramework.obj" "Tests.obj" "tm4c1294ncpdt_startup_ccs.obj" 
DEL /F "TestFramework.d" "Tests.d" "tm4c1294ncpdt_startup_ccs.d" 
Could Not Find C:\Users\Stephen\Desktop\TestProject\CodeComposer\TestFramework\Debug\TestFramework.hex
Could Not Find C:\Users\Stephen\Desktop\TestProject\CodeComposer\TestFramework\Debug\TestFramework.obj
Could Not Find C:\Users\Stephen\Desktop\TestProject\CodeComposer\TestFramework\Debug\TestFramework.d
'Finished clean'
' '

**** Build Finished ****
Buildfile generation error occurred..
This project was created using a version of compiler that is not currently installed - 18.1.2.LTS [ARM]:
- See 'Help > Install New Software' and select 'Code Generation Tools Updates' to check if this compiler is available through a CCS update.
- Visit CCS App Center to get the latest compiler support.
- Or download and install the compiler [http://software-dl.ti.com/codegen/non-esd/downloads], then register it with CCS through 'Preferences > CCS > Build > Compilers'.
Build stopped..
Buildfile generation error occurred..
This project was created using a version of compiler that is not currently installed - 18.1.2.LTS [ARM]:
- See 'Help > Install New Software' and select 'Code Generation Tools Updates' to check if this compiler is available through a CCS update.
- Visit CCS App Center to get the latest compiler support.
- Or download and install the compiler [http://software-dl.ti.com/codegen/non-esd/downloads], then register it with CCS through 'Preferences > CCS > Build > Compilers'.
Build stopped..
Buildfile generation error occurred..
This project was created using a version of compiler that is not currently installed - 18.1.2.LTS [ARM]:
- See 'Help > Install New Software' and select 'Code Generation Tools Updates' to check if this compiler is available through a CCS update.
- Visit CCS App Center to get the latest compiler support.
- Or download and install the compiler [http://software-dl.ti.com/codegen/non-esd/downloads], then register it with CCS through 'Preferences > CCS > Build > Compilers'.
Build stopped..

**** Clean-only build of configuration Debug for project Application ****

"C:\\ti\\ccsv8\\utils\\bin\\gmake" -k -j 8 clean -O 
 
DEL /F  "Application.hex"  "Application.out" 
DEL /F "Application.obj" "tm4c1294ncpdt_startup_ccs.obj" 
DEL /F "Application.d" "tm4c1294ncpdt_startup_ccs.d" 
Could Not Find C:\Users\Stephen\Desktop\TestProject\CodeComposer\Application\Debug\Application.hex
Could Not Find C:\Users\Stephen\Desktop\TestProject\CodeComposer\Application\Debug\Application.obj
Could Not Find C:\Users\Stephen\Desktop\TestProject\CodeComposer\Application\Debug\Application.d
Finished clean
 

**** Build Finished ****

**** Clean-only build of configuration Debug for project Application ****

"C:\\ti\\ccsv8\\utils\\bin\\gmake" -k -j 8 clean -O 
 
DEL /F  "Application.hex"  "Application.out" 
DEL /F "Application.obj" "tm4c1294ncpdt_startup_ccs.obj" 
DEL /F "Application.d" "tm4c1294ncpdt_startup_ccs.d" 
Could Not Find C:\Users\Stephen\Desktop\TestProject\CodeComposer\Application\Debug\Application.hex
Could Not Find C:\Users\Stephen\Desktop\TestProject\CodeComposer\Application\Debug\Application.obj
Could Not Find C:\Users\Stephen\Desktop\TestProject\CodeComposer\Application\Debug\Application.d
Finished clean
 

**** Build Finished ****

**** Clean-only build of configuration Debug for project CommonLib ****

"C:\\ti\\ccsv8\\utils\\bin\\gmake" -k -j 8 clean -O 
 
DEL /F  "CommonLib.lib" 
DEL /F "Config.obj" 
DEL /F "Config.d" 
Could Not Find C:\Users\Stephen\Desktop\TestProject\CodeComposer\CommonLib\Debug\CommonLib.lib
Could Not Find C:\Users\Stephen\Desktop\TestProject\CodeComposer\CommonLib\Debug\Config.obj
Could Not Find C:\Users\Stephen\Desktop\TestProject\CodeComposer\CommonLib\Debug\Config.d
Finished clean
 

**** Build Finished ****

**** Clean-only build of configuration Debug for project CommonLib ****

"C:\\ti\\ccsv8\\utils\\bin\\gmake" -k -j 8 clean -O 
 
DEL /F  "CommonLib.lib" 
DEL /F "Config.obj" 
DEL /F "Config.d" 
Could Not Find C:\Users\Stephen\Desktop\TestProject\CodeComposer\CommonLib\Debug\CommonLib.lib
Could Not Find C:\Users\Stephen\Desktop\TestProject\CodeComposer\CommonLib\Debug\Config.obj
Could Not Find C:\Users\Stephen\Desktop\TestProject\CodeComposer\CommonLib\Debug\Config.d
Finished clean
 

**** Build Finished ****

**** Clean-only build of configuration Debug for project TestFramework ****

"C:\\ti\\ccsv8\\utils\\bin\\gmake" -k -j 8 clean -O 
 
DEL /F  "TestFramework.hex"  "TestFramework.out" 
DEL /F "TestFramework.obj" "Tests.obj" "tm4c1294ncpdt_startup_ccs.obj" 
DEL /F "TestFramework.d" "Tests.d" "tm4c1294ncpdt_startup_ccs.d" 
Could Not Find C:\Users\Stephen\Desktop\TestProject\CodeComposer\TestFramework\Debug\TestFramework.hex
Could Not Find C:\Users\Stephen\Desktop\TestProject\CodeComposer\TestFramework\Debug\TestFramework.obj
Could Not Find C:\Users\Stephen\Desktop\TestProject\CodeComposer\TestFramework\Debug\TestFramework.d
Finished clean
 

**** Build Finished ****

**** Clean-only build of configuration Debug for project TestFramework ****

"C:\\ti\\ccsv8\\utils\\bin\\gmake" -k -j 8 clean -O 
 
DEL /F  "TestFramework.hex"  "TestFramework.out" 
DEL /F "TestFramework.obj" "Tests.obj" "tm4c1294ncpdt_startup_ccs.obj" 
DEL /F "TestFramework.d" "Tests.d" "tm4c1294ncpdt_startup_ccs.d" 
Could Not Find C:\Users\Stephen\Desktop\TestProject\CodeComposer\TestFramework\Debug\TestFramework.hex
Could Not Find C:\Users\Stephen\Desktop\TestProject\CodeComposer\TestFramework\Debug\TestFramework.obj
Could Not Find C:\Users\Stephen\Desktop\TestProject\CodeComposer\TestFramework\Debug\TestFramework.d
Finished clean
 

**** Build Finished ****

**** Build of configuration Debug for project Application ****

"C:\\ti\\ccsv8\\utils\\bin\\gmake" -k -j 8 all -O 
 
Building file: "../tm4c1294ncpdt_startup_ccs.c"
Invoking: ARM Compiler
"C:/ti/ccsv8/tools/compiler/ti-cgt-arm_18.1.2.LTS/bin/armcl" -mv7M4 --code_state=16 --float_support=FPv4SPD16 -me --include_path="C:/Users/Stephen/Desktop/TestProject/CodeComposer/CommonLib" --include_path="C:/Users/Stephen/Desktop/TestProject/CodeComposer/Application" --include_path="C:/ti/ccsv8/tools/compiler/ti-cgt-arm_18.1.2.LTS/include" --define=ccs="ccs" --define=PART_TM4C1294NCPDT -g --c99 --gcc --diag_warning=225 --diag_wrap=off --display_error_number --abi=eabi --preproc_with_compile --preproc_dependency="tm4c1294ncpdt_startup_ccs.d_raw"  "../tm4c1294ncpdt_startup_ccs.c"
Finished building: "../tm4c1294ncpdt_startup_ccs.c"
 
Building file: "../Application.c"
Invoking: ARM Compiler
"C:/ti/ccsv8/tools/compiler/ti-cgt-arm_18.1.2.LTS/bin/armcl" -mv7M4 --code_state=16 --float_support=FPv4SPD16 -me --include_path="C:/Users/Stephen/Desktop/TestProject/CodeComposer/CommonLib" --include_path="C:/Users/Stephen/Desktop/TestProject/CodeComposer/Application" --include_path="C:/ti/ccsv8/tools/compiler/ti-cgt-arm_18.1.2.LTS/include" --define=ccs="ccs" --define=PART_TM4C1294NCPDT -g --c99 --gcc --diag_warning=225 --diag_wrap=off --display_error_number --abi=eabi --preproc_with_compile --preproc_dependency="Application.d_raw"  "../Application.c"
Finished building: "../Application.c"
 
Building target: "Application.out"
Invoking: ARM Linker
"C:/ti/ccsv8/tools/compiler/ti-cgt-arm_18.1.2.LTS/bin/armcl" -mv7M4 --code_state=16 --float_support=FPv4SPD16 -me --define=ccs="ccs" --define=PART_TM4C1294NCPDT -g --c99 --gcc --diag_warning=225 --diag_wrap=off --display_error_number --abi=eabi -z -m"Application.map" --heap_size=0 --stack_size=512 -i"C:/Users/Stephen/Desktop/TestProject/CodeComposer/CommonLib/Debug" -i"C:/ti/ccsv8/tools/compiler/ti-cgt-arm_18.1.2.LTS/lib" -i"C:/ti/ccsv8/tools/compiler/ti-cgt-arm_18.1.2.LTS/include" --reread_libs --diag_wrap=off --display_error_number --warn_sections --xml_link_info="Application_linkInfo.xml" --rom_model -o "Application.out" "./Application.obj" "./tm4c1294ncpdt_startup_ccs.obj" "../tm4c1294ncpdt.cmd"  -lCommonLib.lib -llibc.a 
<Linking>
error #10008-D: cannot find file "CommonLib.lib"
 
 
>> Compilation failure
makefile:143: recipe for target 'Application.out' failed
 undefined                      first referenced 
  symbol                            in file      
 ---------                      ---------------- 
 GetGpioConfig                  ./Application.obj
 GetUartConfig                  ./Application.obj
 InitializeConfigurationManager ./Application.obj
 SetGpioConfig                  ./Application.obj
 
error #10234-D: unresolved symbols remain
error #10010: errors encountered during linking; "Application.out" not built
gmake[1]: *** [Application.out] Error 1
gmake: *** [all] Error 2
makefile:139: recipe for target 'all' failed

**** Build Finished ****

**** Build of configuration Debug for project CommonLib ****

"C:\\ti\\ccsv8\\utils\\bin\\gmake" -k -j 8 all -O 
 
Building file: "../Config.c"
Invoking: ARM Compiler
"C:/ti/ccsv8/tools/compiler/ti-cgt-arm_18.1.2.LTS/bin/armcl" -mv7M4 --code_state=16 --float_support=FPv4SPD16 -me --include_path="C:/Users/Stephen/Desktop/TestProject/CodeComposer/CommonLib" --include_path="C:/ti/ccsv8/tools/compiler/ti-cgt-arm_18.1.2.LTS/include" --define=ccs="ccs" --define=PART_TM4C1294NCPDT -g --c99 --gcc --diag_warning=225 --diag_wrap=off --display_error_number --abi=eabi --preproc_with_compile --preproc_dependency="Config.d_raw"  "../Config.c"
Finished building: "../Config.c"
 
Building target: "CommonLib.lib"
Invoking: ARM Archiver
"C:/ti/ccsv8/tools/compiler/ti-cgt-arm_18.1.2.LTS/bin/armar" r "CommonLib.lib" "./Config.obj" 
  ==>  new archive 'CommonLib.lib'
  ==>  building archive 'CommonLib.lib'
Finished building target: "CommonLib.lib"
 

**** Build Finished ****

**** Build of configuration Debug for project TestFramework ****

"C:\\ti\\ccsv8\\utils\\bin\\gmake" -k -j 8 all -O 
 
Building file: "../TestFramework.c"
Invoking: ARM Compiler
"C:/ti/ccsv8/tools/compiler/ti-cgt-arm_18.1.2.LTS/bin/armcl" -mv7M4 --code_state=16 --float_support=FPv4SPD16 -me --include_path="C:/Users/Stephen/Desktop/TestProject/CodeComposer/TestFramework" --include_path="C:/Users/Stephen/Desktop/TestProject/CodeComposer/CommonLib" --include_path="C:/ti/ccsv8/tools/compiler/ti-cgt-arm_18.1.2.LTS/include" --define=ccs="ccs" --define=PART_TM4C1294NCPDT -g --c99 --gcc --diag_warning=225 --diag_wrap=off --display_error_number --abi=eabi --preproc_with_compile --preproc_dependency="TestFramework.d_raw"  "../TestFramework.c"
Finished building: "../TestFramework.c"
 
Building file: "../tm4c1294ncpdt_startup_ccs.c"
Invoking: ARM Compiler
"C:/ti/ccsv8/tools/compiler/ti-cgt-arm_18.1.2.LTS/bin/armcl" -mv7M4 --code_state=16 --float_support=FPv4SPD16 -me --include_path="C:/Users/Stephen/Desktop/TestProject/CodeComposer/TestFramework" --include_path="C:/Users/Stephen/Desktop/TestProject/CodeComposer/CommonLib" --include_path="C:/ti/ccsv8/tools/compiler/ti-cgt-arm_18.1.2.LTS/include" --define=ccs="ccs" --define=PART_TM4C1294NCPDT -g --c99 --gcc --diag_warning=225 --diag_wrap=off --display_error_number --abi=eabi --preproc_with_compile --preproc_dependency="tm4c1294ncpdt_startup_ccs.d_raw"  "../tm4c1294ncpdt_startup_ccs.c"
Finished building: "../tm4c1294ncpdt_startup_ccs.c"
 
Building file: "../Tests.c"
Invoking: ARM Compiler
"C:/ti/ccsv8/tools/compiler/ti-cgt-arm_18.1.2.LTS/bin/armcl" -mv7M4 --code_state=16 --float_support=FPv4SPD16 -me --include_path="C:/Users/Stephen/Desktop/TestProject/CodeComposer/TestFramework" --include_path="C:/Users/Stephen/Desktop/TestProject/CodeComposer/CommonLib" --include_path="C:/ti/ccsv8/tools/compiler/ti-cgt-arm_18.1.2.LTS/include" --define=ccs="ccs" --define=PART_TM4C1294NCPDT -g --c99 --gcc --diag_warning=225 --diag_wrap=off --display_error_number --abi=eabi --preproc_with_compile --preproc_dependency="Tests.d_raw"  "../Tests.c"
Finished building: "../Tests.c"
 
Building target: "TestFramework.out"
Invoking: ARM Linker
"C:/ti/ccsv8/tools/compiler/ti-cgt-arm_18.1.2.LTS/bin/armcl" -mv7M4 --code_state=16 --float_support=FPv4SPD16 -me --define=ccs="ccs" --define=PART_TM4C1294NCPDT -g --c99 --gcc --diag_warning=225 --diag_wrap=off --display_error_number --abi=eabi -z -m"TestFramework.map" --heap_size=0 --stack_size=512 -i"C:/ti/ccsv8/tools/compiler/ti-cgt-arm_18.1.2.LTS/lib" -i"C:/Users/Stephen/Desktop/TestProject/CodeComposer/CommonLib/Debug" -i"C:/ti/ccsv8/tools/compiler/ti-cgt-arm_18.1.2.LTS/include" --reread_libs --diag_wrap=off --display_error_number --warn_sections --xml_link_info="TestFramework_linkInfo.xml" --rom_model -o "TestFramework.out" "./TestFramework.obj" "./Tests.obj" "./tm4c1294ncpdt_startup_ccs.obj" "../tm4c1294ncpdt.cmd"  -llibc.a -lCommonLib.lib 
<Linking>
Finished building target: "TestFramework.out"
 

**** Build Finished ****

**** Build of configuration Debug for project Application ****

"C:\\ti\\ccsv8\\utils\\bin\\gmake" -k -j 8 all -O 
 
Building target: "Application.out"
Invoking: ARM Linker
"C:/ti/ccsv8/tools/compiler/ti-cgt-arm_18.1.2.LTS/bin/armcl" -mv7M4 --code_state=16 --float_support=FPv4SPD16 -me --define=ccs="ccs" --define=PART_TM4C1294NCPDT -g --c99 --gcc --diag_warning=225 --diag_wrap=off --display_error_number --abi=eabi -z -m"Application.map" --heap_size=0 --stack_size=512 -i"C:/Users/Stephen/Desktop/TestProject/CodeComposer/CommonLib/Debug" -i"C:/ti/ccsv8/tools/compiler/ti-cgt-arm_18.1.2.LTS/lib" -i"C:/ti/ccsv8/tools/compiler/ti-cgt-arm_18.1.2.LTS/include" --reread_libs --diag_wrap=off --display_error_number --warn_sections --xml_link_info="Application_linkInfo.xml" --rom_model -o "Application.out" "./Application.obj" "./tm4c1294ncpdt_startup_ccs.obj" "../tm4c1294ncpdt.cmd"  -lCommonLib.lib -llibc.a 
<Linking>
Finished building target: "Application.out"
 

**** Build Finished ****

**** Clean-only build of configuration Debug for project Application ****

"C:\\ti\\ccsv8\\utils\\bin\\gmake" -k -j 8 clean -O 
 
DEL /F  "Application.hex"  "Application.out" 
DEL /F "Application.obj" "tm4c1294ncpdt_startup_ccs.obj" 
DEL /F "Application.d" "tm4c1294ncpdt_startup_ccs.d" 
Finished clean
 

**** Build Finished ****

**** Clean-only build of configuration Debug for project Application ****

"C:\\ti\\ccsv8\\utils\\bin\\gmake" -k -j 8 clean -O 
 
DEL /F  "Application.hex"  "Application.out" 
DEL /F "Application.obj" "tm4c1294ncpdt_startup_ccs.obj" 
DEL /F "Application.d" "tm4c1294ncpdt_startup_ccs.d" 
Could Not Find C:\Users\Stephen\Desktop\TestProject\CodeComposer\Application\Debug\Application.hex
Could Not Find C:\Users\Stephen\Desktop\TestProject\CodeComposer\Application\Debug\Application.obj
Could Not Find C:\Users\Stephen\Desktop\TestProject\CodeComposer\Application\Debug\Application.d
Finished clean
 

**** Build Finished ****

**** Clean-only build of configuration Debug for project CommonLib ****

"C:\\ti\\ccsv8\\utils\\bin\\gmake" -k -j 8 clean -O 
 
DEL /F  "CommonLib.lib" 
DEL /F "Config.obj" 
DEL /F "Config.d" 
Finished clean
 

**** Build Finished ****

**** Clean-only build of configuration Debug for project CommonLib ****

"C:\\ti\\ccsv8\\utils\\bin\\gmake" -k -j 8 clean -O 
 
DEL /F  "CommonLib.lib" 
DEL /F "Config.obj" 
DEL /F "Config.d" 
Could Not Find C:\Users\Stephen\Desktop\TestProject\CodeComposer\CommonLib\Debug\CommonLib.lib
Could Not Find C:\Users\Stephen\Desktop\TestProject\CodeComposer\CommonLib\Debug\Config.obj
Could Not Find C:\Users\Stephen\Desktop\TestProject\CodeComposer\CommonLib\Debug\Config.d
Finished clean
 

**** Build Finished ****

**** Clean-only build of configuration Debug for project TestFramework ****

"C:\\ti\\ccsv8\\utils\\bin\\gmake" -k -j 8 clean -O 
 
DEL /F  "TestFramework.hex"  "TestFramework.out" 
DEL /F "TestFramework.obj" "Tests.obj" "tm4c1294ncpdt_startup_ccs.obj" 
DEL /F "TestFramework.d" "Tests.d" "tm4c1294ncpdt_startup_ccs.d" 
Finished clean
 

**** Build Finished ****

**** Clean-only build of configuration Debug for project TestFramework ****

"C:\\ti\\ccsv8\\utils\\bin\\gmake" -k -j 8 clean -O 
 
DEL /F  "TestFramework.hex"  "TestFramework.out" 
DEL /F "TestFramework.obj" "Tests.obj" "tm4c1294ncpdt_startup_ccs.obj" 
DEL /F "TestFramework.d" "Tests.d" "tm4c1294ncpdt_startup_ccs.d" 
Could Not Find C:\Users\Stephen\Desktop\TestProject\CodeComposer\TestFramework\Debug\TestFramework.hex
Could Not Find C:\Users\Stephen\Desktop\TestProject\CodeComposer\TestFramework\Debug\TestFramework.obj
Could Not Find C:\Users\Stephen\Desktop\TestProject\CodeComposer\TestFramework\Debug\TestFramework.d
Finished clean
 

**** Build Finished ****

**** Build of configuration Debug for project Application ****

"C:\\ti\\ccsv8\\utils\\bin\\gmake" -k -j 8 all -O 
 
Building file: "../tm4c1294ncpdt_startup_ccs.c"
Invoking: ARM Compiler
"C:/ti/ccsv8/tools/compiler/ti-cgt-arm_18.1.2.LTS/bin/armcl" -mv7M4 --code_state=16 --float_support=FPv4SPD16 -me --include_path="C:/Users/Stephen/Desktop/TestProject/CodeComposer/CommonLib" --include_path="C:/Users/Stephen/Desktop/TestProject/CodeComposer/Application" --include_path="C:/ti/ccsv8/tools/compiler/ti-cgt-arm_18.1.2.LTS/include" --define=ccs="ccs" --define=PART_TM4C1294NCPDT -g --c99 --gcc --diag_warning=225 --diag_wrap=off --display_error_number --abi=eabi --preproc_with_compile --preproc_dependency="tm4c1294ncpdt_startup_ccs.d_raw"  "../tm4c1294ncpdt_startup_ccs.c"
Finished building: "../tm4c1294ncpdt_startup_ccs.c"
 
Building file: "../Application.c"
Invoking: ARM Compiler
"C:/ti/ccsv8/tools/compiler/ti-cgt-arm_18.1.2.LTS/bin/armcl" -mv7M4 --code_state=16 --float_support=FPv4SPD16 -me --include_path="C:/Users/Stephen/Desktop/TestProject/CodeComposer/CommonLib" --include_path="C:/Users/Stephen/Desktop/TestProject/CodeComposer/Application" --include_path="C:/ti/ccsv8/tools/compiler/ti-cgt-arm_18.1.2.LTS/include" --define=ccs="ccs" --define=PART_TM4C1294NCPDT -g --c99 --gcc --diag_warning=225 --diag_wrap=off --display_error_number --abi=eabi --preproc_with_compile --preproc_dependency="Application.d_raw"  "../Application.c"
Finished building: "../Application.c"
 
Building target: "Application.out"
Invoking: ARM Linker
"C:/ti/ccsv8/tools/compiler/ti-cgt-arm_18.1.2.LTS/bin/armcl" -mv7M4 --code_state=16 --float_support=FPv4SPD16 -me --define=ccs="ccs" --define=PART_TM4C1294NCPDT -g --c99 --gcc --diag_warning=225 --diag_wrap=off --display_error_number --abi=eabi -z -m"Application.map" --heap_size=0 --stack_size=512 -i"C:/Users/Stephen/Desktop/TestProject/CodeComposer/CommonLib/Debug" -i"C:/ti/ccsv8/tools/compiler/ti-cgt-arm_18.1.2.LTS/lib" -i"C:/ti/ccsv8/tools/compiler/ti-cgt-arm_18.1.2.LTS/include" --reread_libs --diag_wrap=off --display_error_number --warn_sections --xml_link_info="Application_linkInfo.xml" --rom_model -o "Application.out" "./Application.obj" "./tm4c1294ncpdt_startup_ccs.obj" "../tm4c1294ncpdt.cmd"  -lCommonLib.lib -llibc.a 
<Linking>
error #10008-D: cannot find file "CommonLib.lib"
 
 undefined                      first referenced 
  symbol                            in file      
 ---------                      ---------------- 
 GetGpioConfig                  ./Application.obj
 GetUartConfig                  ./Application.obj
 InitializeConfigurationManager ./Application.obj
 SetGpioConfig                  ./Application.obj
 
error #10234-D: unresolved symbols remain
error #10010: errors encountered during linking; "Application.out" not built
 
>> Compilation failure
makefile:143: recipe for target 'Application.out' failed
gmake[1]: *** [Application.out] Error 1
makefile:139: recipe for target 'all' failed
gmake: *** [all] Error 2

**** Build Finished ****

**** Build of configuration Debug for project CommonLib ****

"C:\\ti\\ccsv8\\utils\\bin\\gmake" -k -j 8 all -O 
 
Building file: "../Config.c"
Invoking: ARM Compiler
"C:/ti/ccsv8/tools/compiler/ti-cgt-arm_18.1.2.LTS/bin/armcl" -mv7M4 --code_state=16 --float_support=FPv4SPD16 -me --include_path="C:/Users/Stephen/Desktop/TestProject/CodeComposer/CommonLib" --include_path="C:/ti/ccsv8/tools/compiler/ti-cgt-arm_18.1.2.LTS/include" --define=ccs="ccs" --define=PART_TM4C1294NCPDT -g --c99 --gcc --diag_warning=225 --diag_wrap=off --display_error_number --abi=eabi --preproc_with_compile --preproc_dependency="Config.d_raw"  "../Config.c"
Finished building: "../Config.c"
 
Building target: "CommonLib.lib"
Invoking: ARM Archiver
"C:/ti/ccsv8/tools/compiler/ti-cgt-arm_18.1.2.LTS/bin/armar" r "CommonLib.lib" "./Config.obj" 
  ==>  new archive 'CommonLib.lib'
  ==>  building archive 'CommonLib.lib'
Finished building target: "CommonLib.lib"
 

**** Build Finished ****

**** Build of configuration Debug for project TestFramework ****

"C:\\ti\\ccsv8\\utils\\bin\\gmake" -k -j 8 all -O 
 
Building file: "../TestFramework.c"
Invoking: ARM Compiler
"C:/ti/ccsv8/tools/compiler/ti-cgt-arm_18.1.2.LTS/bin/armcl" -mv7M4 --code_state=16 --float_support=FPv4SPD16 -me --include_path="C:/Users/Stephen/Desktop/TestProject/CodeComposer/TestFramework" --include_path="C:/Users/Stephen/Desktop/TestProject/CodeComposer/CommonLib" --include_path="C:/ti/ccsv8/tools/compiler/ti-cgt-arm_18.1.2.LTS/include" --define=ccs="ccs" --define=PART_TM4C1294NCPDT -g --c99 --gcc --diag_warning=225 --diag_wrap=off --display_error_number --abi=eabi --preproc_with_compile --preproc_dependency="TestFramework.d_raw"  "../TestFramework.c"
Finished building: "../TestFramework.c"
 
Building file: "../Tests.c"
Invoking: ARM Compiler
"C:/ti/ccsv8/tools/compiler/ti-cgt-arm_18.1.2.LTS/bin/armcl" -mv7M4 --code_state=16 --float_support=FPv4SPD16 -me --include_path="C:/Users/Stephen/Desktop/TestProject/CodeComposer/TestFramework" --include_path="C:/Users/Stephen/Desktop/TestProject/CodeComposer/CommonLib" --include_path="C:/ti/ccsv8/tools/compiler/ti-cgt-arm_18.1.2.LTS/include" --define=ccs="ccs" --define=PART_TM4C1294NCPDT -g --c99 --gcc --diag_warning=225 --diag_wrap=off --display_error_number --abi=eabi --preproc_with_compile --preproc_dependency="Tests.d_raw"  "../Tests.c"
Finished building: "../Tests.c"
 
Building file: "../tm4c1294ncpdt_startup_ccs.c"
Invoking: ARM Compiler
"C:/ti/ccsv8/tools/compiler/ti-cgt-arm_18.1.2.LTS/bin/armcl" -mv7M4 --code_state=16 --float_support=FPv4SPD16 -me --include_path="C:/Users/Stephen/Desktop/TestProject/CodeComposer/TestFramework" --include_path="C:/Users/Stephen/Desktop/TestProject/CodeComposer/CommonLib" --include_path="C:/ti/ccsv8/tools/compiler/ti-cgt-arm_18.1.2.LTS/include" --define=ccs="ccs" --define=PART_TM4C1294NCPDT -g --c99 --gcc --diag_warning=225 --diag_wrap=off --display_error_number --abi=eabi --preproc_with_compile --preproc_dependency="tm4c1294ncpdt_startup_ccs.d_raw"  "../tm4c1294ncpdt_startup_ccs.c"
Finished building: "../tm4c1294ncpdt_startup_ccs.c"
 
Building target: "TestFramework.out"
Invoking: ARM Linker
"C:/ti/ccsv8/tools/compiler/ti-cgt-arm_18.1.2.LTS/bin/armcl" -mv7M4 --code_state=16 --float_support=FPv4SPD16 -me --define=ccs="ccs" --define=PART_TM4C1294NCPDT -g --c99 --gcc --diag_warning=225 --diag_wrap=off --display_error_number --abi=eabi -z -m"TestFramework.map" --heap_size=0 --stack_size=512 -i"C:/ti/ccsv8/tools/compiler/ti-cgt-arm_18.1.2.LTS/lib" -i"C:/Users/Stephen/Desktop/TestProject/CodeComposer/CommonLib/Debug" -i"C:/ti/ccsv8/tools/compiler/ti-cgt-arm_18.1.2.LTS/include" --reread_libs --diag_wrap=off --display_error_number --warn_sections --xml_link_info="TestFramework_linkInfo.xml" --rom_model -o "TestFramework.out" "./TestFramework.obj" "./Tests.obj" "./tm4c1294ncpdt_startup_ccs.obj" "../tm4c1294ncpdt.cmd"  -llibc.a -lCommonLib.lib 
<Linking>
Finished building target: "TestFramework.out"
 

**** Build Finished ****

**** Clean-only build of configuration Debug for project Application ****

"C:\\ti\\ccsv8\\utils\\bin\\gmake" -k -j 8 clean -O 
 
DEL /F  "Application.hex"  "Application.out" 
DEL /F "Application.obj" "tm4c1294ncpdt_startup_ccs.obj" 
DEL /F "Application.d" "tm4c1294ncpdt_startup_ccs.d" 
Could Not Find C:\Users\Stephen\Desktop\TestProject\CodeComposer\Application\Debug\Application.hex
Finished clean
 

**** Build Finished ****

**** Clean-only build of configuration Debug for project Application ****

"C:\\ti\\ccsv8\\utils\\bin\\gmake" -k -j 8 clean -O 
 
DEL /F  "Application.hex"  "Application.out" 
DEL /F "Application.obj" "tm4c1294ncpdt_startup_ccs.obj" 
DEL /F "Application.d" "tm4c1294ncpdt_startup_ccs.d" 
Could Not Find C:\Users\Stephen\Desktop\TestProject\CodeComposer\Application\Debug\Application.hex
Could Not Find C:\Users\Stephen\Desktop\TestProject\CodeComposer\Application\Debug\Application.obj
Could Not Find C:\Users\Stephen\Desktop\TestProject\CodeComposer\Application\Debug\Application.d
Finished clean
 

**** Build Finished ****

**** Clean-only build of configuration Debug for project CommonLib ****

"C:\\ti\\ccsv8\\utils\\bin\\gmake" -k -j 8 clean -O 
 
DEL /F  "CommonLib.lib" 
DEL /F "Config.obj" 
DEL /F "Config.d" 
Finished clean
 

**** Build Finished ****

**** Clean-only build of configuration Debug for project CommonLib ****

"C:\\ti\\ccsv8\\utils\\bin\\gmake" -k -j 8 clean -O 
 
DEL /F  "CommonLib.lib" 
DEL /F "Config.obj" 
DEL /F "Config.d" 
Could Not Find C:\Users\Stephen\Desktop\TestProject\CodeComposer\CommonLib\Debug\CommonLib.lib
Could Not Find C:\Users\Stephen\Desktop\TestProject\CodeComposer\CommonLib\Debug\Config.obj
Could Not Find C:\Users\Stephen\Desktop\TestProject\CodeComposer\CommonLib\Debug\Config.d
Finished clean
 

**** Build Finished ****

**** Clean-only build of configuration Debug for project TestFramework ****

"C:\\ti\\ccsv8\\utils\\bin\\gmake" -k -j 8 clean -O 
 
DEL /F  "TestFramework.hex"  "TestFramework.out" 
DEL /F "TestFramework.obj" "Tests.obj" "tm4c1294ncpdt_startup_ccs.obj" 
DEL /F "TestFramework.d" "Tests.d" "tm4c1294ncpdt_startup_ccs.d" 
Finished clean
 

**** Build Finished ****

**** Clean-only build of configuration Debug for project TestFramework ****

"C:\\ti\\ccsv8\\utils\\bin\\gmake" -k -j 8 clean -O 
 
DEL /F  "TestFramework.hex"  "TestFramework.out" 
DEL /F "TestFramework.obj" "Tests.obj" "tm4c1294ncpdt_startup_ccs.obj" 
DEL /F "TestFramework.d" "Tests.d" "tm4c1294ncpdt_startup_ccs.d" 
Could Not Find C:\Users\Stephen\Desktop\TestProject\CodeComposer\TestFramework\Debug\TestFramework.hex
Could Not Find C:\Users\Stephen\Desktop\TestProject\CodeComposer\TestFramework\Debug\TestFramework.obj
Could Not Find C:\Users\Stephen\Desktop\TestProject\CodeComposer\TestFramework\Debug\TestFramework.d
Finished clean
 

**** Build Finished ****

**** Build of configuration Debug for project CommonLib ****

"C:\\ti\\ccsv8\\utils\\bin\\gmake" -k -j 8 all -O 
 
Building file: "../Config.c"
Invoking: ARM Compiler
"C:/ti/ccsv8/tools/compiler/ti-cgt-arm_18.1.2.LTS/bin/armcl" -mv7M4 --code_state=16 --float_support=FPv4SPD16 -me --include_path="C:/Users/Stephen/Desktop/TestProject/CodeComposer/CommonLib" --include_path="C:/ti/ccsv8/tools/compiler/ti-cgt-arm_18.1.2.LTS/include" --define=ccs="ccs" --define=PART_TM4C1294NCPDT -g --c99 --gcc --diag_warning=225 --diag_wrap=off --display_error_number --abi=eabi --preproc_with_compile --preproc_dependency="Config.d_raw"  "../Config.c"
Finished building: "../Config.c"
 
Building target: "CommonLib.lib"
Invoking: ARM Archiver
"C:/ti/ccsv8/tools/compiler/ti-cgt-arm_18.1.2.LTS/bin/armar" r "CommonLib.lib" "./Config.obj" 
  ==>  new archive 'CommonLib.lib'
  ==>  building archive 'CommonLib.lib'
Finished building target: "CommonLib.lib"
 

**** Build Finished ****

**** Build of configuration Debug for project Application ****

"C:\\ti\\ccsv8\\utils\\bin\\gmake" -k -j 8 all -O 
 
Building file: "../tm4c1294ncpdt_startup_ccs.c"
Invoking: ARM Compiler
"C:/ti/ccsv8/tools/compiler/ti-cgt-arm_18.1.2.LTS/bin/armcl" -mv7M4 --code_state=16 --float_support=FPv4SPD16 -me --include_path="C:/Users/Stephen/Desktop/TestProject/CodeComposer/CommonLib" --include_path="C:/Users/Stephen/Desktop/TestProject/CodeComposer/Application" --include_path="C:/ti/ccsv8/tools/compiler/ti-cgt-arm_18.1.2.LTS/include" --define=ccs="ccs" --define=PART_TM4C1294NCPDT -g --c99 --gcc --diag_warning=225 --diag_wrap=off --display_error_number --abi=eabi --preproc_with_compile --preproc_dependency="tm4c1294ncpdt_startup_ccs.d_raw"  "../tm4c1294ncpdt_startup_ccs.c"
Finished building: "../tm4c1294ncpdt_startup_ccs.c"
 
Building file: "../Application.c"
Invoking: ARM Compiler
"C:/ti/ccsv8/tools/compiler/ti-cgt-arm_18.1.2.LTS/bin/armcl" -mv7M4 --code_state=16 --float_support=FPv4SPD16 -me --include_path="C:/Users/Stephen/Desktop/TestProject/CodeComposer/CommonLib" --include_path="C:/Users/Stephen/Desktop/TestProject/CodeComposer/Application" --include_path="C:/ti/ccsv8/tools/compiler/ti-cgt-arm_18.1.2.LTS/include" --define=ccs="ccs" --define=PART_TM4C1294NCPDT -g --c99 --gcc --diag_warning=225 --diag_wrap=off --display_error_number --abi=eabi --preproc_with_compile --preproc_dependency="Application.d_raw"  "../Application.c"
Finished building: "../Application.c"
 
Building target: "Application.out"
Invoking: ARM Linker
"C:/ti/ccsv8/tools/compiler/ti-cgt-arm_18.1.2.LTS/bin/armcl" -mv7M4 --code_state=16 --float_support=FPv4SPD16 -me --define=ccs="ccs" --define=PART_TM4C1294NCPDT -g --c99 --gcc --diag_warning=225 --diag_wrap=off --display_error_number --abi=eabi -z -m"Application.map" --heap_size=0 --stack_size=512 -i"C:/Users/Stephen/Desktop/TestProject/CodeComposer/CommonLib/Debug" -i"C:/ti/ccsv8/tools/compiler/ti-cgt-arm_18.1.2.LTS/lib" -i"C:/ti/ccsv8/tools/compiler/ti-cgt-arm_18.1.2.LTS/include" --reread_libs --diag_wrap=off --display_error_number --warn_sections --xml_link_info="Application_linkInfo.xml" --rom_model -o "Application.out" "./Application.obj" "./tm4c1294ncpdt_startup_ccs.obj" "../tm4c1294ncpdt.cmd"  -lCommonLib.lib -llibc.a 
<Linking>
Finished building target: "Application.out"
 

**** Build Finished ****

**** Build of configuration Debug for project TestFramework ****

"C:\\ti\\ccsv8\\utils\\bin\\gmake" -k -j 8 all -O 
 
Building file: "../TestFramework.c"
Invoking: ARM Compiler
"C:/ti/ccsv8/tools/compiler/ti-cgt-arm_18.1.2.LTS/bin/armcl" -mv7M4 --code_state=16 --float_support=FPv4SPD16 -me --include_path="C:/Users/Stephen/Desktop/TestProject/CodeComposer/TestFramework" --include_path="C:/Users/Stephen/Desktop/TestProject/CodeComposer/CommonLib" --include_path="C:/ti/ccsv8/tools/compiler/ti-cgt-arm_18.1.2.LTS/include" --define=ccs="ccs" --define=PART_TM4C1294NCPDT -g --c99 --gcc --diag_warning=225 --diag_wrap=off --display_error_number --abi=eabi --preproc_with_compile --preproc_dependency="TestFramework.d_raw"  "../TestFramework.c"
Finished building: "../TestFramework.c"
 
Building file: "../Tests.c"
Invoking: ARM Compiler
"C:/ti/ccsv8/tools/compiler/ti-cgt-arm_18.1.2.LTS/bin/armcl" -mv7M4 --code_state=16 --float_support=FPv4SPD16 -me --include_path="C:/Users/Stephen/Desktop/TestProject/CodeComposer/TestFramework" --include_path="C:/Users/Stephen/Desktop/TestProject/CodeComposer/CommonLib" --include_path="C:/ti/ccsv8/tools/compiler/ti-cgt-arm_18.1.2.LTS/include" --define=ccs="ccs" --define=PART_TM4C1294NCPDT -g --c99 --gcc --diag_warning=225 --diag_wrap=off --display_error_number --abi=eabi --preproc_with_compile --preproc_dependency="Tests.d_raw"  "../Tests.c"
Finished building: "../Tests.c"
 
Building file: "../tm4c1294ncpdt_startup_ccs.c"
Invoking: ARM Compiler
"C:/ti/ccsv8/tools/compiler/ti-cgt-arm_18.1.2.LTS/bin/armcl" -mv7M4 --code_state=16 --float_support=FPv4SPD16 -me --include_path="C:/Users/Stephen/Desktop/TestProject/CodeComposer/TestFramework" --include_path="C:/Users/Stephen/Desktop/TestProject/CodeComposer/CommonLib" --include_path="C:/ti/ccsv8/tools/compiler/ti-cgt-arm_18.1.2.LTS/include" --define=ccs="ccs" --define=PART_TM4C1294NCPDT -g --c99 --gcc --diag_warning=225 --diag_wrap=off --display_error_number --abi=eabi --preproc_with_compile --preproc_dependency="tm4c1294ncpdt_startup_ccs.d_raw"  "../tm4c1294ncpdt_startup_ccs.c"
Finished building: "../tm4c1294ncpdt_startup_ccs.c"
 
Building target: "TestFramework.out"
Invoking: ARM Linker
"C:/ti/ccsv8/tools/compiler/ti-cgt-arm_18.1.2.LTS/bin/armcl" -mv7M4 --code_state=16 --float_support=FPv4SPD16 -me --define=ccs="ccs" --define=PART_TM4C1294NCPDT -g --c99 --gcc --diag_warning=225 --diag_wrap=off --display_error_number --abi=eabi -z -m"TestFramework.map" --heap_size=0 --stack_size=512 -i"C:/ti/ccsv8/tools/compiler/ti-cgt-arm_18.1.2.LTS/lib" -i"C:/Users/Stephen/Desktop/TestProject/CodeComposer/CommonLib/Debug" -i"C:/ti/ccsv8/tools/compiler/ti-cgt-arm_18.1.2.LTS/include" --reread_libs --diag_wrap=off --display_error_number --warn_sections --xml_link_info="TestFramework_linkInfo.xml" --rom_model -o "TestFramework.out" "./TestFramework.obj" "./Tests.obj" "./tm4c1294ncpdt_startup_ccs.obj" "../tm4c1294ncpdt.cmd"  -llibc.a -lCommonLib.lib 
<Linking>
Finished building target: "TestFramework.out"
 

**** Build Finished ****

**** Build of configuration Debug for project CommonLib ****

"C:\\ti\\ccsv8\\utils\\bin\\gmake" -k -j 8 all -O 
 
gmake: Nothing to be done for 'all'.

**** Build Finished ****

**** Build of configuration Debug for project CommonLib ****

"C:\\ti\\ccsv8\\utils\\bin\\gmake" -k -j 8 all -O 
 
gmake: Nothing to be done for 'all'.

**** Build Finished ****

**** Build of configuration Debug for project TestFramework ****

"C:\\ti\\ccsv8\\utils\\bin\\gmake" -k -j 8 all -O 
 
gmake[1]: 'TestFramework.out' is up to date.

**** Build Finished ****

**** Build of configuration Debug for project CommonLib ****

"C:\\ti\\ccsv8\\utils\\bin\\gmake" -k -j 8 all -O 
 
gmake: Nothing to be done for 'all'.

**** Build Finished ****

**** Build of configuration Debug for project CommonLib ****

"C:\\ti\\ccsv8\\utils\\bin\\gmake" -k -j 8 all -O 
 
gmake: Nothing to be done for 'all'.

**** Build Finished ****

**** Build of configuration Debug for project TestFramework ****

"C:\\ti\\ccsv8\\utils\\bin\\gmake" -k -j 8 all -O 
 
gmake[1]: 'TestFramework.out' is up to date.

**** Build Finished ****

**** Build of configuration Debug for project CommonLib ****

"C:\\ti\\ccsv8\\utils\\bin\\gmake" -k -j 8 all -O 
 
Building file: "../Config.c"
Invoking: ARM Compiler
"C:/ti/ccsv8/tools/compiler/ti-cgt-arm_18.1.2.LTS/bin/armcl" -mv7M4 --code_state=16 --float_support=FPv4SPD16 -me --include_path="C:/Users/Stephen/Desktop/TestProject/CodeComposer/CommonLib" --include_path="C:/ti/ccsv8/tools/compiler/ti-cgt-arm_18.1.2.LTS/include" --define=ccs="ccs" --define=PART_TM4C1294NCPDT -g --c99 --gcc --diag_warning=225 --diag_wrap=off --display_error_number --abi=eabi --preproc_with_compile --preproc_dependency="Config.d_raw"  "../Config.c"
Finished building: "../Config.c"
 
Building target: "CommonLib.lib"
Invoking: ARM Archiver
"C:/ti/ccsv8/tools/compiler/ti-cgt-arm_18.1.2.LTS/bin/armar" r "CommonLib.lib" "./Config.obj" 
  ==>  new archive 'CommonLib.lib'
  ==>  building archive 'CommonLib.lib'
Finished building target: "CommonLib.lib"
 

**** Build Finished ****

**** Build of configuration Debug for project CommonLib ****

"C:\\ti\\ccsv8\\utils\\bin\\gmake" -k -j 8 all -O 
 
gmake: Nothing to be done for 'all'.

**** Build Finished ****

**** Build of configuration Debug for project TestFramework ****

"C:\\ti\\ccsv8\\utils\\bin\\gmake" -k -j 8 all -O 
 
Building file: "../Tests.c"
Invoking: ARM Compiler
"C:/ti/ccsv8/tools/compiler/ti-cgt-arm_18.1.2.LTS/bin/armcl" -mv7M4 --code_state=16 --float_support=FPv4SPD16 -me --include_path="C:/Users/Stephen/Desktop/TestProject/CodeComposer/TestFramework" --include_path="C:/Users/Stephen/Desktop/TestProject/CodeComposer/CommonLib" --include_path="C:/ti/ccsv8/tools/compiler/ti-cgt-arm_18.1.2.LTS/include" --define=ccs="ccs" --define=PART_TM4C1294NCPDT -g --c99 --gcc --diag_warning=225 --diag_wrap=off --display_error_number --abi=eabi --preproc_with_compile --preproc_dependency="Tests.d_raw"  "../Tests.c"
Finished building: "../Tests.c"
 
Building target: "TestFramework.out"
Invoking: ARM Linker
"C:/ti/ccsv8/tools/compiler/ti-cgt-arm_18.1.2.LTS/bin/armcl" -mv7M4 --code_state=16 --float_support=FPv4SPD16 -me --define=ccs="ccs" --define=PART_TM4C1294NCPDT -g --c99 --gcc --diag_warning=225 --diag_wrap=off --display_error_number --abi=eabi -z -m"TestFramework.map" --heap_size=0 --stack_size=512 -i"C:/ti/ccsv8/tools/compiler/ti-cgt-arm_18.1.2.LTS/lib" -i"C:/Users/Stephen/Desktop/TestProject/CodeComposer/CommonLib/Debug" -i"C:/ti/ccsv8/tools/compiler/ti-cgt-arm_18.1.2.LTS/include" --reread_libs --diag_wrap=off --display_error_number --warn_sections --xml_link_info="TestFramework_linkInfo.xml" --rom_model -o "TestFramework.out" "./TestFramework.obj" "./Tests.obj" "./tm4c1294ncpdt_startup_ccs.obj" "../tm4c1294ncpdt.cmd"  -llibc.a -lCommonLib.lib 
<Linking>
Finished building target: "TestFramework.out"
 

**** Build Finished ****

**** Build of configuration Debug for project CommonLib ****

"C:\\ti\\ccsv8\\utils\\bin\\gmake" -k -j 8 all -O 
 
gmake: Nothing to be done for 'all'.

**** Build Finished ****

**** Build of configuration Debug for project CommonLib ****

"C:\\ti\\ccsv8\\utils\\bin\\gmake" -k -j 8 all -O 
 
gmake: Nothing to be done for 'all'.

**** Build Finished ****

**** Build of configuration Debug for project TestFramework ****

"C:\\ti\\ccsv8\\utils\\bin\\gmake" -k -j 8 all -O 
 
gmake[1]: 'TestFramework.out' is up to date.

**** Build Finished ****

**** Build of configuration Debug for project CommonLib ****

"C:\\ti\\ccsv8\\utils\\bin\\gmake" -k -j 8 all -O 
 
gmake: Nothing to be done for 'all'.

**** Build Finished ****

**** Build of configuration Debug for project CommonLib ****

"C:\\ti\\ccsv8\\utils\\bin\\gmake" -k -j 8 all -O 
 
gmake: Nothing to be done for 'all'.

**** Build Finished ****

**** Build of configuration Debug for project TestFramework ****

"C:\\ti\\ccsv8\\utils\\bin\\gmake" -k -j 8 all -O 
 
Building file: "../TestFramework.c"
Invoking: ARM Compiler
"C:/ti/ccsv8/tools/compiler/ti-cgt-arm_18.1.2.LTS/bin/armcl" -mv7M4 --code_state=16 --float_support=FPv4SPD16 -me --include_path="C:/Users/Stephen/Desktop/TestProject/CodeComposer/TestFramework" --include_path="C:/Users/Stephen/Desktop/TestProject/CodeComposer/CommonLib" --include_path="C:/ti/ccsv8/tools/compiler/ti-cgt-arm_18.1.2.LTS/include" --define=ccs="ccs" --define=PART_TM4C1294NCPDT -g --c99 --gcc --diag_warning=225 --diag_wrap=off --display_error_number --abi=eabi --preproc_with_compile --preproc_dependency="TestFramework.d_raw"  "../TestFramework.c"
Finished building: "../TestFramework.c"
 
Building target: "TestFramework.out"
Invoking: ARM Linker
"C:/ti/ccsv8/tools/compiler/ti-cgt-arm_18.1.2.LTS/bin/armcl" -mv7M4 --code_state=16 --float_support=FPv4SPD16 -me --define=ccs="ccs" --define=PART_TM4C1294NCPDT -g --c99 --gcc --diag_warning=225 --diag_wrap=off --display_error_number --abi=eabi -z -m"TestFramework.map" --heap_size=0 --stack_size=512 -i"C:/ti/ccsv8/tools/compiler/ti-cgt-arm_18.1.2.LTS/lib" -i"C:/Users/Stephen/Desktop/TestProject/CodeComposer/CommonLib/Debug" -i"C:/ti/ccsv8/tools/compiler/ti-cgt-arm_18.1.2.LTS/include" --reread_libs --diag_wrap=off --display_error_number --warn_sections --xml_link_info="TestFramework_linkInfo.xml" --rom_model -o "TestFramework.out" "./TestFramework.obj" "./Tests.obj" "./tm4c1294ncpdt_startup_ccs.obj" "../tm4c1294ncpdt.cmd"  -llibc.a -lCommonLib.lib 
<Linking>
Finished building target: "TestFramework.out"
 

**** Build Finished ****

**** Build of configuration Debug for project CommonLib ****

"C:\\ti\\ccsv8\\utils\\bin\\gmake" -k -j 8 all -O 
 
gmake: Nothing to be done for 'all'.

**** Build Finished ****

**** Build of configuration Debug for project CommonLib ****

"C:\\ti\\ccsv8\\utils\\bin\\gmake" -k -j 8 all -O 
 
gmake: Nothing to be done for 'all'.

**** Build Finished ****

**** Build of configuration Debug for project TestFramework ****

"C:\\ti\\ccsv8\\utils\\bin\\gmake" -k -j 8 all -O 
 
Building target: "TestFramework.out"
Invoking: ARM Linker
"C:/ti/ccsv8/tools/compiler/ti-cgt-arm_18.1.2.LTS/bin/armcl" -mv7M4 --code_state=16 --float_support=FPv4SPD16 -me --define=ccs="ccs" --define=PART_TM4C1294NCPDT -g --c99 --gcc --diag_warning=225 --diag_wrap=off --display_error_number --abi=eabi -z -m"TestFramework.map" --heap_size=512 --stack_size=512 -i"C:/ti/ccsv8/tools/compiler/ti-cgt-arm_18.1.2.LTS/lib" -i"C:/Users/Stephen/Desktop/TestProject/CodeComposer/CommonLib/Debug" -i"C:/ti/ccsv8/tools/compiler/ti-cgt-arm_18.1.2.LTS/include" --reread_libs --diag_wrap=off --display_error_number --warn_sections --xml_link_info="TestFramework_linkInfo.xml" --rom_model -o "TestFramework.out" "./TestFramework.obj" "./Tests.obj" "./tm4c1294ncpdt_startup_ccs.obj" "../tm4c1294ncpdt.cmd"  -llibc.a -lCommonLib.lib 
<Linking>
Finished building target: "TestFramework.out"
 

**** Build Finished ****

**** Build of configuration Debug for project CommonLib ****

"C:\\ti\\ccsv8\\utils\\bin\\gmake" -k -j 8 all -O 
 
gmake: Nothing to be done for 'all'.

**** Build Finished ****

**** Clean-only build of configuration Debug for project TestFramework ****

"C:\\ti\\ccsv8\\utils\\bin\\gmake" -k -j 8 clean -O 
 
DEL /F  "TestFramework.hex"  "TestFramework.out" 
DEL /F "TestFramework.obj" "Tests.obj" "tm4c1294ncpdt_startup_ccs.obj" 
DEL /F "TestFramework.d" "Tests.d" "tm4c1294ncpdt_startup_ccs.d" 
Finished clean
 

**** Build Finished ****

**** Build of configuration Debug for project TestFramework ****

"C:\\ti\\ccsv8\\utils\\bin\\gmake" -k -j 8 all -O 
 
Building file: "../TestFramework.c"
Invoking: ARM Compiler
"C:/ti/ccsv8/tools/compiler/ti-cgt-arm_18.1.2.LTS/bin/armcl" -mv7M4 --code_state=16 --float_support=FPv4SPD16 -me --include_path="C:/Users/Stephen/Desktop/TestProject/CodeComposer/TestFramework" --include_path="C:/Users/Stephen/Desktop/TestProject/CodeComposer/CommonLib" --include_path="C:/ti/ccsv8/tools/compiler/ti-cgt-arm_18.1.2.LTS/include" --define=ccs="ccs" --define=PART_TM4C1294NCPDT -g --c99 --gcc --diag_warning=225 --diag_wrap=off --display_error_number --abi=eabi --preproc_with_compile --preproc_dependency="TestFramework.d_raw"  "../TestFramework.c"
Finished building: "../TestFramework.c"
 
Building file: "../tm4c1294ncpdt_startup_ccs.c"
Invoking: ARM Compiler
"C:/ti/ccsv8/tools/compiler/ti-cgt-arm_18.1.2.LTS/bin/armcl" -mv7M4 --code_state=16 --float_support=FPv4SPD16 -me --include_path="C:/Users/Stephen/Desktop/TestProject/CodeComposer/TestFramework" --include_path="C:/Users/Stephen/Desktop/TestProject/CodeComposer/CommonLib" --include_path="C:/ti/ccsv8/tools/compiler/ti-cgt-arm_18.1.2.LTS/include" --define=ccs="ccs" --define=PART_TM4C1294NCPDT -g --c99 --gcc --diag_warning=225 --diag_wrap=off --display_error_number --abi=eabi --preproc_with_compile --preproc_dependency="tm4c1294ncpdt_startup_ccs.d_raw"  "../tm4c1294ncpdt_startup_ccs.c"
Finished building: "../tm4c1294ncpdt_startup_ccs.c"
 
Building file: "../Tests.c"
Invoking: ARM Compiler
"C:/ti/ccsv8/tools/compiler/ti-cgt-arm_18.1.2.LTS/bin/armcl" -mv7M4 --code_state=16 --float_support=FPv4SPD16 -me --include_path="C:/Users/Stephen/Desktop/TestProject/CodeComposer/TestFramework" --include_path="C:/Users/Stephen/Desktop/TestProject/CodeComposer/CommonLib" --include_path="C:/ti/ccsv8/tools/compiler/ti-cgt-arm_18.1.2.LTS/include" --define=ccs="ccs" --define=PART_TM4C1294NCPDT -g --c99 --gcc --diag_warning=225 --diag_wrap=off --display_error_number --abi=eabi --preproc_with_compile --preproc_dependency="Tests.d_raw"  "../Tests.c"
Finished building: "../Tests.c"
 
Building target: "TestFramework.out"
Invoking: ARM Linker
"C:/ti/ccsv8/tools/compiler/ti-cgt-arm_18.1.2.LTS/bin/armcl" -mv7M4 --code_state=16 --float_support=FPv4SPD16 -me --define=ccs="ccs" --define=PART_TM4C1294NCPDT -g --c99 --gcc --diag_warning=225 --diag_wrap=off --display_error_number --abi=eabi -z -m"TestFramework.map" --heap_size=512 --stack_size=512 -i"C:/ti/ccsv8/tools/compiler/ti-cgt-arm_18.1.2.LTS/lib" -i"C:/Users/Stephen/Desktop/TestProject/CodeComposer/CommonLib/Debug" -i"C:/ti/ccsv8/tools/compiler/ti-cgt-arm_18.1.2.LTS/include" --reread_libs --diag_wrap=off --display_error_number --warn_sections --xml_link_info="TestFramework_linkInfo.xml" --rom_model -o "TestFramework.out" "./TestFramework.obj" "./Tests.obj" "./tm4c1294ncpdt_startup_ccs.obj" "../tm4c1294ncpdt.cmd"  -llibc.a -lCommonLib.lib 
<Linking>
Finished building target: "TestFramework.out"
 

**** Build Finished ****

**** Build of configuration Debug for project CommonLib ****

"C:\\ti\\ccsv8\\utils\\bin\\gmake" -k -j 8 all -O 
 
gmake: Nothing to be done for 'all'.

**** Build Finished ****

**** Build of configuration Debug for project CommonLib ****

"C:\\ti\\ccsv8\\utils\\bin\\gmake" -k -j 8 all -O 
 
gmake: Nothing to be done for 'all'.

**** Build Finished ****

**** Build of configuration Debug for project TestFramework ****

"C:\\ti\\ccsv8\\utils\\bin\\gmake" -k -j 8 all -O 
 
gmake[1]: 'TestFramework.out' is up to date.

**** Build Finished ****

**** Build of configuration Debug for project CommonLib ****

"C:\\ti\\ccsv8\\utils\\bin\\gmake" -k -j 8 all -O 
 
gmake: Nothing to be done for 'all'.

**** Build Finished ****

**** Clean-only build of configuration Debug for project TestFramework ****

"C:\\ti\\ccsv8\\utils\\bin\\gmake" -k -j 8 clean -O 
 
DEL /F  "TestFramework.hex"  "TestFramework.out" 
DEL /F "TestFramework.obj" "Tests.obj" "tm4c1294ncpdt_startup_ccs.obj" 
DEL /F "TestFramework.d" "Tests.d" "tm4c1294ncpdt_startup_ccs.d" 
Finished clean
 

**** Build Finished ****

**** Build of configuration Debug for project TestFramework ****

"C:\\ti\\ccsv8\\utils\\bin\\gmake" -k -j 8 all -O 
 
Building file: "../TestFramework.c"
Invoking: ARM Compiler
"C:/ti/ccsv8/tools/compiler/ti-cgt-arm_18.1.2.LTS/bin/armcl" -mv7M4 --code_state=16 --float_support=FPv4SPD16 -me --include_path="C:/Users/Stephen/Desktop/TestProject/CodeComposer/TestFramework" --include_path="C:/Users/Stephen/Desktop/TestProject/CodeComposer/CommonLib" --include_path="C:/ti/ccsv8/tools/compiler/ti-cgt-arm_18.1.2.LTS/include" --define=ccs="ccs" --define=PART_TM4C1294NCPDT -g --c99 --gcc --diag_warning=225 --diag_wrap=off --display_error_number --abi=eabi --preproc_with_compile --preproc_dependency="TestFramework.d_raw"  "../TestFramework.c"
Finished building: "../TestFramework.c"
 
Building file: "../Tests.c"
Invoking: ARM Compiler
"C:/ti/ccsv8/tools/compiler/ti-cgt-arm_18.1.2.LTS/bin/armcl" -mv7M4 --code_state=16 --float_support=FPv4SPD16 -me --include_path="C:/Users/Stephen/Desktop/TestProject/CodeComposer/TestFramework" --include_path="C:/Users/Stephen/Desktop/TestProject/CodeComposer/CommonLib" --include_path="C:/ti/ccsv8/tools/compiler/ti-cgt-arm_18.1.2.LTS/include" --define=ccs="ccs" --define=PART_TM4C1294NCPDT -g --c99 --gcc --diag_warning=225 --diag_wrap=off --display_error_number --abi=eabi --preproc_with_compile --preproc_dependency="Tests.d_raw"  "../Tests.c"
Finished building: "../Tests.c"
 
Building file: "../tm4c1294ncpdt_startup_ccs.c"
Invoking: ARM Compiler
"C:/ti/ccsv8/tools/compiler/ti-cgt-arm_18.1.2.LTS/bin/armcl" -mv7M4 --code_state=16 --float_support=FPv4SPD16 -me --include_path="C:/Users/Stephen/Desktop/TestProject/CodeComposer/TestFramework" --include_path="C:/Users/Stephen/Desktop/TestProject/CodeComposer/CommonLib" --include_path="C:/ti/ccsv8/tools/compiler/ti-cgt-arm_18.1.2.LTS/include" --define=ccs="ccs" --define=PART_TM4C1294NCPDT -g --c99 --gcc --diag_warning=225 --diag_wrap=off --display_error_number --abi=eabi --preproc_with_compile --preproc_dependency="tm4c1294ncpdt_startup_ccs.d_raw"  "../tm4c1294ncpdt_startup_ccs.c"
Finished building: "../tm4c1294ncpdt_startup_ccs.c"
 
Building target: "TestFramework.out"
Invoking: ARM Linker
"C:/ti/ccsv8/tools/compiler/ti-cgt-arm_18.1.2.LTS/bin/armcl" -mv7M4 --code_state=16 --float_support=FPv4SPD16 -me --define=ccs="ccs" --define=PART_TM4C1294NCPDT -g --c99 --gcc --diag_warning=225 --diag_wrap=off --display_error_number --abi=eabi -z -m"TestFramework.map" --heap_size=512 --stack_size=512 -i"C:/ti/ccsv8/tools/compiler/ti-cgt-arm_18.1.2.LTS/lib" -i"C:/Users/Stephen/Desktop/TestProject/CodeComposer/CommonLib/Debug" -i"C:/ti/ccsv8/tools/compiler/ti-cgt-arm_18.1.2.LTS/include" --reread_libs --diag_wrap=off --display_error_number --warn_sections --xml_link_info="TestFramework_linkInfo.xml" --rom_model -o "TestFramework.out" "./TestFramework.obj" "./Tests.obj" "./tm4c1294ncpdt_startup_ccs.obj" "../tm4c1294ncpdt.cmd"  -llibc.a -lCommonLib.lib 
<Linking>
Finished building target: "TestFramework.out"
 

**** Build Finished ****

**** Build of configuration Debug for project CommonLib ****

"C:\\ti\\ccsv8\\utils\\bin\\gmake" -k -j 8 all -O 
 
gmake: Nothing to be done for 'all'.

**** Build Finished ****

**** Build of configuration Debug for project CommonLib ****

"C:\\ti\\ccsv8\\utils\\bin\\gmake" -k -j 8 all -O 
 
gmake: Nothing to be done for 'all'.

**** Build Finished ****

**** Build of configuration Debug for project TestFramework ****

"C:\\ti\\ccsv8\\utils\\bin\\gmake" -k -j 8 all -O 
 
Building file: "../TestFramework.c"
Invoking: ARM Compiler
"C:/ti/ccsv8/tools/compiler/ti-cgt-arm_18.1.2.LTS/bin/armcl" -mv7M4 --code_state=16 --float_support=FPv4SPD16 -me --include_path="C:/Users/Stephen/Desktop/TestProject/CodeComposer/TestFramework" --include_path="C:/Users/Stephen/Desktop/TestProject/CodeComposer/CommonLib" --include_path="C:/ti/ccsv8/tools/compiler/ti-cgt-arm_18.1.2.LTS/include" --define=ccs="ccs" --define=PART_TM4C1294NCPDT -g --c99 --gcc --diag_warning=225 --diag_wrap=off --display_error_number --abi=eabi --preproc_with_compile --preproc_dependency="TestFramework.d_raw"  "../TestFramework.c"
Finished building: "../TestFramework.c"
 
Building target: "TestFramework.out"
Invoking: ARM Linker
"C:/ti/ccsv8/tools/compiler/ti-cgt-arm_18.1.2.LTS/bin/armcl" -mv7M4 --code_state=16 --float_support=FPv4SPD16 -me --define=ccs="ccs" --define=PART_TM4C1294NCPDT -g --c99 --gcc --diag_warning=225 --diag_wrap=off --display_error_number --abi=eabi -z -m"TestFramework.map" --heap_size=2048 --stack_size=2048 -i"C:/ti/ccsv8/tools/compiler/ti-cgt-arm_18.1.2.LTS/lib" -i"C:/Users/Stephen/Desktop/TestProject/CodeComposer/CommonLib/Debug" -i"C:/ti/ccsv8/tools/compiler/ti-cgt-arm_18.1.2.LTS/include" --reread_libs --diag_wrap=off --display_error_number --warn_sections --xml_link_info="TestFramework_linkInfo.xml" --rom_model -o "TestFramework.out" "./TestFramework.obj" "./Tests.obj" "./tm4c1294ncpdt_startup_ccs.obj" "../tm4c1294ncpdt.cmd"  -llibc.a -lCommonLib.lib 
<Linking>
Finished building target: "TestFramework.out"
 

**** Build Finished ****

**** Build of configuration Debug for project CommonLib ****

"C:\\ti\\ccsv8\\utils\\bin\\gmake" -k -j 8 all -O 
 
gmake: Nothing to be done for 'all'.

**** Build Finished ****

**** Clean-only build of configuration Debug for project TestFramework ****

"C:\\ti\\ccsv8\\utils\\bin\\gmake" -k -j 8 clean -O 
 
DEL /F  "TestFramework.hex"  "TestFramework.out" 
DEL /F "TestFramework.obj" "Tests.obj" "tm4c1294ncpdt_startup_ccs.obj" 
DEL /F "TestFramework.d" "Tests.d" "tm4c1294ncpdt_startup_ccs.d" 
Finished clean
 

**** Build Finished ****

**** Build of configuration Debug for project TestFramework ****

"C:\\ti\\ccsv8\\utils\\bin\\gmake" -k -j 8 all -O 
 
Building file: "../TestFramework.c"
Invoking: ARM Compiler
"C:/ti/ccsv8/tools/compiler/ti-cgt-arm_18.1.2.LTS/bin/armcl" -mv7M4 --code_state=16 --float_support=FPv4SPD16 -me --include_path="C:/Users/Stephen/Desktop/TestProject/CodeComposer/TestFramework" --include_path="C:/Users/Stephen/Desktop/TestProject/CodeComposer/CommonLib" --include_path="C:/ti/ccsv8/tools/compiler/ti-cgt-arm_18.1.2.LTS/include" --define=ccs="ccs" --define=PART_TM4C1294NCPDT -g --c99 --gcc --diag_warning=225 --diag_wrap=off --display_error_number --abi=eabi --preproc_with_compile --preproc_dependency="TestFramework.d_raw"  "../TestFramework.c"
Finished building: "../TestFramework.c"
 
Building file: "../Tests.c"
Invoking: ARM Compiler
"C:/ti/ccsv8/tools/compiler/ti-cgt-arm_18.1.2.LTS/bin/armcl" -mv7M4 --code_state=16 --float_support=FPv4SPD16 -me --include_path="C:/Users/Stephen/Desktop/TestProject/CodeComposer/TestFramework" --include_path="C:/Users/Stephen/Desktop/TestProject/CodeComposer/CommonLib" --include_path="C:/ti/ccsv8/tools/compiler/ti-cgt-arm_18.1.2.LTS/include" --define=ccs="ccs" --define=PART_TM4C1294NCPDT -g --c99 --gcc --diag_warning=225 --diag_wrap=off --display_error_number --abi=eabi --preproc_with_compile --preproc_dependency="Tests.d_raw"  "../Tests.c"
Finished building: "../Tests.c"
 
Building file: "../tm4c1294ncpdt_startup_ccs.c"
Invoking: ARM Compiler
"C:/ti/ccsv8/tools/compiler/ti-cgt-arm_18.1.2.LTS/bin/armcl" -mv7M4 --code_state=16 --float_support=FPv4SPD16 -me --include_path="C:/Users/Stephen/Desktop/TestProject/CodeComposer/TestFramework" --include_path="C:/Users/Stephen/Desktop/TestProject/CodeComposer/CommonLib" --include_path="C:/ti/ccsv8/tools/compiler/ti-cgt-arm_18.1.2.LTS/include" --define=ccs="ccs" --define=PART_TM4C1294NCPDT -g --c99 --gcc --diag_warning=225 --diag_wrap=off --display_error_number --abi=eabi --preproc_with_compile --preproc_dependency="tm4c1294ncpdt_startup_ccs.d_raw"  "../tm4c1294ncpdt_startup_ccs.c"
Finished building: "../tm4c1294ncpdt_startup_ccs.c"
 
Building target: "TestFramework.out"
Invoking: ARM Linker
"C:/ti/ccsv8/tools/compiler/ti-cgt-arm_18.1.2.LTS/bin/armcl" -mv7M4 --code_state=16 --float_support=FPv4SPD16 -me --define=ccs="ccs" --define=PART_TM4C1294NCPDT -g --c99 --gcc --diag_warning=225 --diag_wrap=off --display_error_number --abi=eabi -z -m"TestFramework.map" --heap_size=1024 --stack_size=1024 -i"C:/ti/ccsv8/tools/compiler/ti-cgt-arm_18.1.2.LTS/lib" -i"C:/Users/Stephen/Desktop/TestProject/CodeComposer/CommonLib/Debug" -i"C:/ti/ccsv8/tools/compiler/ti-cgt-arm_18.1.2.LTS/include" --reread_libs --diag_wrap=off --display_error_number --warn_sections --xml_link_info="TestFramework_linkInfo.xml" --rom_model -o "TestFramework.out" "./TestFramework.obj" "./Tests.obj" "./tm4c1294ncpdt_startup_ccs.obj" "../tm4c1294ncpdt.cmd"  -llibc.a -lCommonLib.lib 
<Linking>
Finished building target: "TestFramework.out"
 

**** Build Finished ****

**** Build of configuration Debug for project CommonLib ****

"C:\\ti\\ccsv8\\utils\\bin\\gmake" -k -j 8 all -O 
 
gmake: Nothing to be done for 'all'.

**** Build Finished ****

**** Build of configuration Debug for project CommonLib ****

"C:\\ti\\ccsv8\\utils\\bin\\gmake" -k -j 8 all -O 
 
gmake: Nothing to be done for 'all'.

**** Build Finished ****

**** Build of configuration Debug for project TestFramework ****

"C:\\ti\\ccsv8\\utils\\bin\\gmake" -k -j 8 all -O 
 
gmake[1]: 'TestFramework.out' is up to date.

**** Build Finished ****

**** Build of configuration Debug for project CommonLib ****

"C:\\ti\\ccsv8\\utils\\bin\\gmake" -k -j 8 all -O 
 
gmake: Nothing to be done for 'all'.

**** Build Finished ****

**** Build of configuration Debug for project TestFramework ****

"C:\\ti\\ccsv8\\utils\\bin\\gmake" -k -j 8 all -O 
 
Building file: "../TestFramework.c"
Invoking: ARM Compiler
"C:/ti/ccsv8/tools/compiler/ti-cgt-arm_18.1.2.LTS/bin/armcl" -mv7M4 --code_state=16 --float_support=FPv4SPD16 -me --include_path="C:/Users/Stephen/Desktop/TestProject/CodeComposer/TestFramework" --include_path="C:/Users/Stephen/Desktop/TestProject/CodeComposer/CommonLib" --include_path="C:/ti/ccsv8/tools/compiler/ti-cgt-arm_18.1.2.LTS/include" --define=ccs="ccs" --define=PART_TM4C1294NCPDT -g --c99 --gcc --diag_warning=225 --diag_wrap=off --display_error_number --abi=eabi --preproc_with_compile --preproc_dependency="TestFramework.d_raw"  "../TestFramework.c"
Finished building: "../TestFramework.c"
 
Building target: "TestFramework.out"
Invoking: ARM Linker
"C:/ti/ccsv8/tools/compiler/ti-cgt-arm_18.1.2.LTS/bin/armcl" -mv7M4 --code_state=16 --float_support=FPv4SPD16 -me --define=ccs="ccs" --define=PART_TM4C1294NCPDT -g --c99 --gcc --diag_warning=225 --diag_wrap=off --display_error_number --abi=eabi -z -m"TestFramework.map" --heap_size=1024 --stack_size=1024 -i"C:/ti/ccsv8/tools/compiler/ti-cgt-arm_18.1.2.LTS/lib" -i"C:/Users/Stephen/Desktop/TestProject/CodeComposer/CommonLib/Debug" -i"C:/ti/ccsv8/tools/compiler/ti-cgt-arm_18.1.2.LTS/include" --reread_libs --diag_wrap=off --display_error_number --warn_sections --xml_link_info="TestFramework_linkInfo.xml" --rom_model -o "TestFramework.out" "./TestFramework.obj" "./Tests.obj" "./tm4c1294ncpdt_startup_ccs.obj" "../tm4c1294ncpdt.cmd"  -llibc.a -lCommonLib.lib 
<Linking>
Finished building target: "TestFramework.out"
 

**** Build Finished ****

**** Build of configuration Debug for project CommonLib ****

"C:\\ti\\ccsv8\\utils\\bin\\gmake" -k -j 8 all -O 
 
gmake: Nothing to be done for 'all'.

**** Build Finished ****

**** Clean-only build of configuration Debug for project TestFramework ****

"C:\\ti\\ccsv8\\utils\\bin\\gmake" -k -j 8 clean -O 
 
DEL /F  "TestFramework.hex"  "TestFramework.out" 
DEL /F "TestFramework.obj" "Tests.obj" "tm4c1294ncpdt_startup_ccs.obj" 
DEL /F "TestFramework.d" "Tests.d" "tm4c1294ncpdt_startup_ccs.d" 
Finished clean
 

**** Build Finished ****

**** Build of configuration Debug for project TestFramework ****

"C:\\ti\\ccsv8\\utils\\bin\\gmake" -k -j 8 all -O 
 
Building file: "../TestFramework.c"
Invoking: ARM Compiler
"C:/ti/ccsv8/tools/compiler/ti-cgt-arm_18.1.2.LTS/bin/armcl" -mv7M4 --code_state=16 --float_support=FPv4SPD16 -me --include_path="C:/Users/Stephen/Desktop/TestProject/CodeComposer/TestFramework" --include_path="C:/Users/Stephen/Desktop/TestProject/CodeComposer/CommonLib" --include_path="C:/ti/ccsv8/tools/compiler/ti-cgt-arm_18.1.2.LTS/include" --define=ccs="ccs" --define=PART_TM4C1294NCPDT -g --c99 --gcc --diag_warning=225 --diag_wrap=off --display_error_number --abi=eabi --preproc_with_compile --preproc_dependency="TestFramework.d_raw"  "../TestFramework.c"
Finished building: "../TestFramework.c"
 
Building file: "../Tests.c"
Invoking: ARM Compiler
"C:/ti/ccsv8/tools/compiler/ti-cgt-arm_18.1.2.LTS/bin/armcl" -mv7M4 --code_state=16 --float_support=FPv4SPD16 -me --include_path="C:/Users/Stephen/Desktop/TestProject/CodeComposer/TestFramework" --include_path="C:/Users/Stephen/Desktop/TestProject/CodeComposer/CommonLib" --include_path="C:/ti/ccsv8/tools/compiler/ti-cgt-arm_18.1.2.LTS/include" --define=ccs="ccs" --define=PART_TM4C1294NCPDT -g --c99 --gcc --diag_warning=225 --diag_wrap=off --display_error_number --abi=eabi --preproc_with_compile --preproc_dependency="Tests.d_raw"  "../Tests.c"
Finished building: "../Tests.c"
 
Building file: "../tm4c1294ncpdt_startup_ccs.c"
Invoking: ARM Compiler
"C:/ti/ccsv8/tools/compiler/ti-cgt-arm_18.1.2.LTS/bin/armcl" -mv7M4 --code_state=16 --float_support=FPv4SPD16 -me --include_path="C:/Users/Stephen/Desktop/TestProject/CodeComposer/TestFramework" --include_path="C:/Users/Stephen/Desktop/TestProject/CodeComposer/CommonLib" --include_path="C:/ti/ccsv8/tools/compiler/ti-cgt-arm_18.1.2.LTS/include" --define=ccs="ccs" --define=PART_TM4C1294NCPDT -g --c99 --gcc --diag_warning=225 --diag_wrap=off --display_error_number --abi=eabi --preproc_with_compile --preproc_dependency="tm4c1294ncpdt_startup_ccs.d_raw"  "../tm4c1294ncpdt_startup_ccs.c"
Finished building: "../tm4c1294ncpdt_startup_ccs.c"
 
Building target: "TestFramework.out"
Invoking: ARM Linker
"C:/ti/ccsv8/tools/compiler/ti-cgt-arm_18.1.2.LTS/bin/armcl" -mv7M4 --code_state=16 --float_support=FPv4SPD16 -me --define=ccs="ccs" --define=PART_TM4C1294NCPDT -g --c99 --gcc --diag_warning=225 --diag_wrap=off --display_error_number --abi=eabi -z -m"TestFramework.map" --heap_size=1024 --stack_size=1024 -i"C:/ti/ccsv8/tools/compiler/ti-cgt-arm_18.1.2.LTS/lib" -i"C:/Users/Stephen/Desktop/TestProject/CodeComposer/CommonLib/Debug" -i"C:/ti/ccsv8/tools/compiler/ti-cgt-arm_18.1.2.LTS/include" --reread_libs --diag_wrap=off --display_error_number --warn_sections --xml_link_info="TestFramework_linkInfo.xml" --rom_model -o "TestFramework.out" "./TestFramework.obj" "./Tests.obj" "./tm4c1294ncpdt_startup_ccs.obj" "../tm4c1294ncpdt.cmd"  -llibc.a -lCommonLib.lib 
<Linking>
Finished building target: "TestFramework.out"
 

**** Build Finished ****

**** Build of configuration Debug for project CommonLib ****

"C:\\ti\\ccsv8\\utils\\bin\\gmake" -k -j 8 all -O 
 
gmake: Nothing to be done for 'all'.

**** Build Finished ****

**** Build of configuration Debug for project CommonLib ****

"C:\\ti\\ccsv8\\utils\\bin\\gmake" -k -j 8 all -O 
 
gmake: Nothing to be done for 'all'.

**** Build Finished ****

**** Build of configuration Debug for project TestFramework ****

"C:\\ti\\ccsv8\\utils\\bin\\gmake" -k -j 8 all -O 
 
gmake[1]: 'TestFramework.out' is up to date.

**** Build Finished ****

**** Clean-only build of configuration Debug for project Application ****

"C:\\ti\\ccsv8\\utils\\bin\\gmake" -k -j 8 clean -O 
 
DEL /F  "Application.hex"  "Application.out" 
DEL /F "Application.obj" "tm4c1294ncpdt_startup_ccs.obj" 
DEL /F "Application.d" "tm4c1294ncpdt_startup_ccs.d" 
Finished clean
 

**** Build Finished ****

**** Clean-only build of configuration Debug for project Application ****

"C:\\ti\\ccsv8\\utils\\bin\\gmake" -k -j 8 clean -O 
 
DEL /F  "Application.hex"  "Application.out" 
DEL /F "Application.obj" "tm4c1294ncpdt_startup_ccs.obj" 
DEL /F "Application.d" "tm4c1294ncpdt_startup_ccs.d" 
Could Not Find C:\Users\Stephen\Desktop\TestProject\CodeComposer\Application\Debug\Application.hex
Could Not Find C:\Users\Stephen\Desktop\TestProject\CodeComposer\Application\Debug\Application.obj
Could Not Find C:\Users\Stephen\Desktop\TestProject\CodeComposer\Application\Debug\Application.d
Finished clean
 

**** Build Finished ****

**** Clean-only build of configuration Debug for project CommonLib ****

"C:\\ti\\ccsv8\\utils\\bin\\gmake" -k -j 8 clean -O 
 
DEL /F  "CommonLib.lib" 
DEL /F "Config.obj" 
DEL /F "Config.d" 
Finished clean
 

**** Build Finished ****

**** Clean-only build of configuration Debug for project CommonLib ****

"C:\\ti\\ccsv8\\utils\\bin\\gmake" -k -j 8 clean -O 
 
DEL /F  "CommonLib.lib" 
DEL /F "Config.obj" 
DEL /F "Config.d" 
Could Not Find C:\Users\Stephen\Desktop\TestProject\CodeComposer\CommonLib\Debug\CommonLib.lib
Could Not Find C:\Users\Stephen\Desktop\TestProject\CodeComposer\CommonLib\Debug\Config.obj
Could Not Find C:\Users\Stephen\Desktop\TestProject\CodeComposer\CommonLib\Debug\Config.d
Finished clean
 

**** Build Finished ****

**** Clean-only build of configuration Debug for project TestFramework ****

"C:\\ti\\ccsv8\\utils\\bin\\gmake" -k -j 8 clean -O 
 
DEL /F  "TestFramework.hex"  "TestFramework.out" 
DEL /F "TestFramework.obj" "Tests.obj" "tm4c1294ncpdt_startup_ccs.obj" 
DEL /F "TestFramework.d" "Tests.d" "tm4c1294ncpdt_startup_ccs.d" 
Finished clean
 

**** Build Finished ****

**** Clean-only build of configuration Debug for project TestFramework ****

"C:\\ti\\ccsv8\\utils\\bin\\gmake" -k -j 8 clean -O 
 
DEL /F  "TestFramework.hex"  "TestFramework.out" 
DEL /F "TestFramework.obj" "Tests.obj" "tm4c1294ncpdt_startup_ccs.obj" 
DEL /F "TestFramework.d" "Tests.d" "tm4c1294ncpdt_startup_ccs.d" 
Could Not Find C:\Users\Stephen\Desktop\TestProject\CodeComposer\TestFramework\Debug\TestFramework.hex
Could Not Find C:\Users\Stephen\Desktop\TestProject\CodeComposer\TestFramework\Debug\TestFramework.obj
Could Not Find C:\Users\Stephen\Desktop\TestProject\CodeComposer\TestFramework\Debug\TestFramework.d
Finished clean
 

**** Build Finished ****

**** Build of configuration Debug for project CommonLib ****

"C:\\ti\\ccsv8\\utils\\bin\\gmake" -k -j 8 all -O 
 
Building file: "../Config.c"
Invoking: ARM Compiler
"C:/ti/ccsv8/tools/compiler/ti-cgt-arm_18.1.2.LTS/bin/armcl" -mv7M4 --code_state=16 --float_support=FPv4SPD16 -me --include_path="C:/Users/Stephen/Desktop/TestProject/CodeComposer/CommonLib" --include_path="C:/ti/ccsv8/tools/compiler/ti-cgt-arm_18.1.2.LTS/include" --define=ccs="ccs" --define=PART_TM4C1294NCPDT -g --c99 --gcc --diag_warning=225 --diag_wrap=off --display_error_number --abi=eabi --preproc_with_compile --preproc_dependency="Config.d_raw"  "../Config.c"
Finished building: "../Config.c"
 
Building target: "CommonLib.lib"
Invoking: ARM Archiver
"C:/ti/ccsv8/tools/compiler/ti-cgt-arm_18.1.2.LTS/bin/armar" r "CommonLib.lib" "./Config.obj" 
  ==>  new archive 'CommonLib.lib'
  ==>  building archive 'CommonLib.lib'
Finished building target: "CommonLib.lib"
 

**** Build Finished ****

**** Build of configuration Debug for project Application ****

"C:\\ti\\ccsv8\\utils\\bin\\gmake" -k -j 8 all -O 
 
Building file: "../tm4c1294ncpdt_startup_ccs.c"
Invoking: ARM Compiler
"C:/ti/ccsv8/tools/compiler/ti-cgt-arm_18.1.2.LTS/bin/armcl" -mv7M4 --code_state=16 --float_support=FPv4SPD16 -me --include_path="C:/Users/Stephen/Desktop/TestProject/CodeComposer/CommonLib" --include_path="C:/Users/Stephen/Desktop/TestProject/CodeComposer/Application" --include_path="C:/ti/ccsv8/tools/compiler/ti-cgt-arm_18.1.2.LTS/include" --define=ccs="ccs" --define=PART_TM4C1294NCPDT -g --c99 --gcc --diag_warning=225 --diag_wrap=off --display_error_number --abi=eabi --preproc_with_compile --preproc_dependency="tm4c1294ncpdt_startup_ccs.d_raw"  "../tm4c1294ncpdt_startup_ccs.c"
Finished building: "../tm4c1294ncpdt_startup_ccs.c"
 
Building file: "../Application.c"
Invoking: ARM Compiler
"C:/ti/ccsv8/tools/compiler/ti-cgt-arm_18.1.2.LTS/bin/armcl" -mv7M4 --code_state=16 --float_support=FPv4SPD16 -me --include_path="C:/Users/Stephen/Desktop/TestProject/CodeComposer/CommonLib" --include_path="C:/Users/Stephen/Desktop/TestProject/CodeComposer/Application" --include_path="C:/ti/ccsv8/tools/compiler/ti-cgt-arm_18.1.2.LTS/include" --define=ccs="ccs" --define=PART_TM4C1294NCPDT -g --c99 --gcc --diag_warning=225 --diag_wrap=off --display_error_number --abi=eabi --preproc_with_compile --preproc_dependency="Application.d_raw"  "../Application.c"
Finished building: "../Application.c"
 
Building target: "Application.out"
Invoking: ARM Linker
"C:/ti/ccsv8/tools/compiler/ti-cgt-arm_18.1.2.LTS/bin/armcl" -mv7M4 --code_state=16 --float_support=FPv4SPD16 -me --define=ccs="ccs" --define=PART_TM4C1294NCPDT -g --c99 --gcc --diag_warning=225 --diag_wrap=off --display_error_number --abi=eabi -z -m"Application.map" --heap_size=512 --stack_size=512 -i"C:/Users/Stephen/Desktop/TestProject/CodeComposer/CommonLib/Debug" -i"C:/ti/ccsv8/tools/compiler/ti-cgt-arm_18.1.2.LTS/lib" -i"C:/ti/ccsv8/tools/compiler/ti-cgt-arm_18.1.2.LTS/include" --reread_libs --diag_wrap=off --display_error_number --warn_sections --xml_link_info="Application_linkInfo.xml" --rom_model -o "Application.out" "./Application.obj" "./tm4c1294ncpdt_startup_ccs.obj" "../tm4c1294ncpdt.cmd"  -lCommonLib.lib -llibc.a 
<Linking>
Finished building target: "Application.out"
 

**** Build Finished ****

**** Build of configuration Debug for project TestFramework ****

"C:\\ti\\ccsv8\\utils\\bin\\gmake" -k -j 8 all -O 
 
Building file: "../TestFramework.c"
Invoking: ARM Compiler
"C:/ti/ccsv8/tools/compiler/ti-cgt-arm_18.1.2.LTS/bin/armcl" -mv7M4 --code_state=16 --float_support=FPv4SPD16 -me --include_path="C:/Users/Stephen/Desktop/TestProject/CodeComposer/TestFramework" --include_path="C:/Users/Stephen/Desktop/TestProject/CodeComposer/CommonLib" --include_path="C:/ti/ccsv8/tools/compiler/ti-cgt-arm_18.1.2.LTS/include" --define=ccs="ccs" --define=PART_TM4C1294NCPDT -g --c99 --gcc --diag_warning=225 --diag_wrap=off --display_error_number --abi=eabi --preproc_with_compile --preproc_dependency="TestFramework.d_raw"  "../TestFramework.c"
Finished building: "../TestFramework.c"
 
Building file: "../Tests.c"
Invoking: ARM Compiler
"C:/ti/ccsv8/tools/compiler/ti-cgt-arm_18.1.2.LTS/bin/armcl" -mv7M4 --code_state=16 --float_support=FPv4SPD16 -me --include_path="C:/Users/Stephen/Desktop/TestProject/CodeComposer/TestFramework" --include_path="C:/Users/Stephen/Desktop/TestProject/CodeComposer/CommonLib" --include_path="C:/ti/ccsv8/tools/compiler/ti-cgt-arm_18.1.2.LTS/include" --define=ccs="ccs" --define=PART_TM4C1294NCPDT -g --c99 --gcc --diag_warning=225 --diag_wrap=off --display_error_number --abi=eabi --preproc_with_compile --preproc_dependency="Tests.d_raw"  "../Tests.c"
Finished building: "../Tests.c"
 
Building file: "../tm4c1294ncpdt_startup_ccs.c"
Invoking: ARM Compiler
"C:/ti/ccsv8/tools/compiler/ti-cgt-arm_18.1.2.LTS/bin/armcl" -mv7M4 --code_state=16 --float_support=FPv4SPD16 -me --include_path="C:/Users/Stephen/Desktop/TestProject/CodeComposer/TestFramework" --include_path="C:/Users/Stephen/Desktop/TestProject/CodeComposer/CommonLib" --include_path="C:/ti/ccsv8/tools/compiler/ti-cgt-arm_18.1.2.LTS/include" --define=ccs="ccs" --define=PART_TM4C1294NCPDT -g --c99 --gcc --diag_warning=225 --diag_wrap=off --display_error_number --abi=eabi --preproc_with_compile --preproc_dependency="tm4c1294ncpdt_startup_ccs.d_raw"  "../tm4c1294ncpdt_startup_ccs.c"
Finished building: "../tm4c1294ncpdt_startup_ccs.c"
 
Building target: "TestFramework.out"
Invoking: ARM Linker
"C:/ti/ccsv8/tools/compiler/ti-cgt-arm_18.1.2.LTS/bin/armcl" -mv7M4 --code_state=16 --float_support=FPv4SPD16 -me --define=ccs="ccs" --define=PART_TM4C1294NCPDT -g --c99 --gcc --diag_warning=225 --diag_wrap=off --display_error_number --abi=eabi -z -m"TestFramework.map" --heap_size=1024 --stack_size=1024 -i"C:/ti/ccsv8/tools/compiler/ti-cgt-arm_18.1.2.LTS/lib" -i"C:/Users/Stephen/Desktop/TestProject/CodeComposer/CommonLib/Debug" -i"C:/ti/ccsv8/tools/compiler/ti-cgt-arm_18.1.2.LTS/include" --reread_libs --diag_wrap=off --display_error_number --warn_sections --xml_link_info="TestFramework_linkInfo.xml" --rom_model -o "TestFramework.out" "./TestFramework.obj" "./Tests.obj" "./tm4c1294ncpdt_startup_ccs.obj" "../tm4c1294ncpdt.cmd"  -llibc.a -lCommonLib.lib 
<Linking>
Finished building target: "TestFramework.out"
 

**** Build Finished ****

**** Build of configuration Debug for project CommonLib ****

"C:\\ti\\ccsv8\\utils\\bin\\gmake" -k -j 8 all -O 
 
gmake: Nothing to be done for 'all'.

**** Build Finished ****

**** Build of configuration Debug for project CommonLib ****

"C:\\ti\\ccsv8\\utils\\bin\\gmake" -k -j 8 all -O 
 
gmake: Nothing to be done for 'all'.

**** Build Finished ****

**** Build of configuration Debug for project TestFramework ****

"C:\\ti\\ccsv8\\utils\\bin\\gmake" -k -j 8 all -O 
 
gmake[1]: 'TestFramework.out' is up to date.

**** Build Finished ****

**** Clean-only build of configuration Debug for project Application ****

"C:\\ti\\ccsv8\\utils\\bin\\gmake" -k -j 8 clean -O 
 
DEL /F  "Application.hex"  "Application.out" 
DEL /F "Application.obj" "tm4c1294ncpdt_startup_ccs.obj" 
DEL /F "Application.d" "tm4c1294ncpdt_startup_ccs.d" 
Finished clean
 

**** Build Finished ****

**** Clean-only build of configuration Debug for project Application ****

"C:\\ti\\ccsv8\\utils\\bin\\gmake" -k -j 8 clean -O 
 
DEL /F  "Application.hex"  "Application.out" 
DEL /F "Application.obj" "tm4c1294ncpdt_startup_ccs.obj" 
DEL /F "Application.d" "tm4c1294ncpdt_startup_ccs.d" 
Could Not Find C:\Users\Stephen\Desktop\TestProject\CodeComposer\Application\Debug\Application.hex
Could Not Find C:\Users\Stephen\Desktop\TestProject\CodeComposer\Application\Debug\Application.obj
Could Not Find C:\Users\Stephen\Desktop\TestProject\CodeComposer\Application\Debug\Application.d
Finished clean
 

**** Build Finished ****

**** Clean-only build of configuration Debug for project CommonLib ****

"C:\\ti\\ccsv8\\utils\\bin\\gmake" -k -j 8 clean -O 
 
DEL /F  "CommonLib.lib" 
DEL /F "Config.obj" 
DEL /F "Config.d" 
Finished clean
 

**** Build Finished ****

**** Clean-only build of configuration Debug for project CommonLib ****

"C:\\ti\\ccsv8\\utils\\bin\\gmake" -k -j 8 clean -O 
 
DEL /F  "CommonLib.lib" 
DEL /F "Config.obj" 
DEL /F "Config.d" 
Could Not Find C:\Users\Stephen\Desktop\TestProject\CodeComposer\CommonLib\Debug\CommonLib.lib
Could Not Find C:\Users\Stephen\Desktop\TestProject\CodeComposer\CommonLib\Debug\Config.obj
Could Not Find C:\Users\Stephen\Desktop\TestProject\CodeComposer\CommonLib\Debug\Config.d
Finished clean
 

**** Build Finished ****

**** Clean-only build of configuration Debug for project TestFramework ****

"C:\\ti\\ccsv8\\utils\\bin\\gmake" -k -j 8 clean -O 
 
DEL /F  "TestFramework.hex"  "TestFramework.out" 
DEL /F "TestFramework.obj" "Tests.obj" "tm4c1294ncpdt_startup_ccs.obj" 
DEL /F "TestFramework.d" "Tests.d" "tm4c1294ncpdt_startup_ccs.d" 
Finished clean
 

**** Build Finished ****

**** Clean-only build of configuration Debug for project TestFramework ****

"C:\\ti\\ccsv8\\utils\\bin\\gmake" -k -j 8 clean -O 
 
DEL /F  "TestFramework.hex"  "TestFramework.out" 
DEL /F "TestFramework.obj" "Tests.obj" "tm4c1294ncpdt_startup_ccs.obj" 
DEL /F "TestFramework.d" "Tests.d" "tm4c1294ncpdt_startup_ccs.d" 
Could Not Find C:\Users\Stephen\Desktop\TestProject\CodeComposer\TestFramework\Debug\TestFramework.hex
Could Not Find C:\Users\Stephen\Desktop\TestProject\CodeComposer\TestFramework\Debug\TestFramework.obj
Could Not Find C:\Users\Stephen\Desktop\TestProject\CodeComposer\TestFramework\Debug\TestFramework.d
Finished clean
 

**** Build Finished ****
